=== [2026-07-18T20:01:10Z] A1 STAGE-2 GPU-SOLO SCORING START (device=mps) ===
=== [2026-07-18T20:01:10Z] A1 STAGE-2 EQUIV GATE (shard(N=30)) ===
[2026-07-18T20:01:11Z] [s2-equiv] 30 tasks, arms=('B',), device=mps, banked_hash=6dbe47a8e843, batch_size=16
Loading weights:   0%|          | 0/394 [00:00<?, ?it/s]Loading weights: 100%|██████████| 394/394 [00:00<00:00, 21637.67it/s]
[2026-07-18T20:01:13Z] [s2-equiv] scorer built on mps; warn_only needed: False
[2026-07-18T20:01:13Z] [s2-equiv] scoring per-call (score_worker.score_one_task) ...
[2026-07-18T20:02:48Z] [s2-equiv] scoring batched (fixed canonical composition) ...
[2026-07-18T20:03:05Z] [batched] forward 50/147 batches (800/2352 pairs)
[2026-07-18T20:03:20Z] [batched] forward 100/147 batches (1600/2352 pairs)
[2026-07-18T20:03:35Z] [batched] forward 147/147 batches (2352/2352 pairs)
[2026-07-18T20:03:35Z] [s2-equiv] RESULT {"verdict": "PASS", "flips": 0, "frac_mismatches": 0, "units": 147, "tasks_compared": 30, "key_mismatch": false}
[2026-07-18T20:03:35Z] [s2-equiv] wrote /Users/vladryzhkov/e8-run/A1-stage2/batched-stage2-equiv.json
[2026-07-18T20:03:35Z] [s2-equiv] PASS: zero flips — batched Stage-2 scorer equivalent to the per-call path here.
=== [2026-07-18T20:03:35Z] A1 STAGE-2 EQUIV GATE PASSED (shard(N=30), zero flips) — scored pass ===
=== [2026-07-18T20:03:35Z] A1 STAGE-2 SCORED PASS (batched_stage2_scorer) ===
[2026-07-18T20:03:36Z] [stage2] 450 tasks, arms=('B',), threshold=0.7, batch_size=16, device=mps, banked_hash=6dbe47a8e843, live_hash=6dbe47a8e843
Loading weights:   0%|          | 0/394 [00:00<?, ?it/s]Loading weights: 100%|██████████| 394/394 [00:00<00:00, 10440.18it/s]
[2026-07-18T20:03:38Z] [stage2] scorer built on mps; warn_only needed: False
[2026-07-18T20:03:38Z] [stage2] 35096 directional pairs over 2216 items; 0 tasks missing gen (skipped)
[2026-07-18T20:03:55Z] [batched] forward 50/2194 batches (800/35096 pairs)
[2026-07-18T20:04:10Z] [batched] forward 100/2194 batches (1600/35096 pairs)
[2026-07-18T20:04:25Z] [batched] forward 150/2194 batches (2400/35096 pairs)
[2026-07-18T20:04:40Z] [batched] forward 200/2194 batches (3200/35096 pairs)
[2026-07-18T20:04:56Z] [batched] forward 250/2194 batches (4000/35096 pairs)
[2026-07-18T20:05:11Z] [batched] forward 300/2194 batches (4800/35096 pairs)
[2026-07-18T20:05:25Z] [batched] forward 350/2194 batches (5600/35096 pairs)
[2026-07-18T20:05:42Z] [batched] forward 400/2194 batches (6400/35096 pairs)
[2026-07-18T20:05:57Z] [batched] forward 450/2194 batches (7200/35096 pairs)
[2026-07-18T20:06:13Z] [batched] forward 500/2194 batches (8000/35096 pairs)
[2026-07-18T20:06:28Z] [batched] forward 550/2194 batches (8800/35096 pairs)
[2026-07-18T20:06:45Z] [batched] forward 600/2194 batches (9600/35096 pairs)
[2026-07-18T20:06:59Z] [batched] forward 650/2194 batches (10400/35096 pairs)
[2026-07-18T20:07:14Z] [batched] forward 700/2194 batches (11200/35096 pairs)
[2026-07-18T20:07:29Z] [batched] forward 750/2194 batches (12000/35096 pairs)
[2026-07-18T20:07:44Z] [batched] forward 800/2194 batches (12800/35096 pairs)
[2026-07-18T20:07:59Z] [batched] forward 850/2194 batches (13600/35096 pairs)
[2026-07-18T20:08:14Z] [batched] forward 900/2194 batches (14400/35096 pairs)
[2026-07-18T20:08:31Z] [batched] forward 950/2194 batches (15200/35096 pairs)
[2026-07-18T20:08:46Z] [batched] forward 1000/2194 batches (16000/35096 pairs)
[2026-07-18T20:09:04Z] [batched] forward 1050/2194 batches (16800/35096 pairs)
[2026-07-18T20:09:19Z] [batched] forward 1100/2194 batches (17600/35096 pairs)
[2026-07-18T20:09:34Z] [batched] forward 1150/2194 batches (18400/35096 pairs)
[2026-07-18T20:09:49Z] [batched] forward 1200/2194 batches (19200/35096 pairs)
[2026-07-18T20:10:06Z] [batched] forward 1250/2194 batches (20000/35096 pairs)
[2026-07-18T20:10:21Z] [batched] forward 1300/2194 batches (20800/35096 pairs)
[2026-07-18T20:10:36Z] [batched] forward 1350/2194 batches (21600/35096 pairs)
[2026-07-18T20:10:52Z] [batched] forward 1400/2194 batches (22400/35096 pairs)
[2026-07-18T20:11:08Z] [batched] forward 1450/2194 batches (23200/35096 pairs)
[2026-07-18T20:11:24Z] [batched] forward 1500/2194 batches (24000/35096 pairs)
[2026-07-18T20:11:39Z] [batched] forward 1550/2194 batches (24800/35096 pairs)
[2026-07-18T20:11:55Z] [batched] forward 1600/2194 batches (25600/35096 pairs)
[2026-07-18T20:12:09Z] [batched] forward 1650/2194 batches (26400/35096 pairs)
[2026-07-18T20:12:23Z] [batched] forward 1700/2194 batches (27200/35096 pairs)
[2026-07-18T20:12:38Z] [batched] forward 1750/2194 batches (28000/35096 pairs)
[2026-07-18T20:12:53Z] [batched] forward 1800/2194 batches (28800/35096 pairs)
[2026-07-18T20:13:08Z] [batched] forward 1850/2194 batches (29600/35096 pairs)
[2026-07-18T20:13:23Z] [batched] forward 1900/2194 batches (30400/35096 pairs)
[2026-07-18T20:13:38Z] [batched] forward 1950/2194 batches (31200/35096 pairs)
[2026-07-18T20:13:54Z] [batched] forward 2000/2194 batches (32000/35096 pairs)
[2026-07-18T20:14:09Z] [batched] forward 2050/2194 batches (32800/35096 pairs)
[2026-07-18T20:14:24Z] [batched] forward 2100/2194 batches (33600/35096 pairs)
[2026-07-18T20:14:40Z] [batched] forward 2150/2194 batches (34400/35096 pairs)
[2026-07-18T20:14:54Z] [batched] forward 2194/2194 batches (35096/35096 pairs)
[2026-07-18T20:14:54Z] [stage2] RESULT {"n_tasks_scored": 450, "n_missing": 0, "n_items": 2216, "pair_count": 35096, "device": "mps", "elapsed_s": 677.7, "pairs_per_s": 51.92, "per_task_files": 450}
[2026-07-18T20:14:54Z] [stage2] wrote /Users/vladryzhkov/e8-run/A1-stage2/batched-stage2-scores.json
=== [2026-07-18T20:14:54Z] A1 STAGE-2 ORACLE SAMPLE GATE (fresh CPU 1-thread, cap 12) ===
[2026-07-18T20:14:54Z] [oracle-sample] chose 12/450 tasks; strata={'dose=1,break_side=must_change': 4, 'dose=2,break_side=must_change': 4, 'dose=3,break_side=must_change': 4}; forced(contam>0|defaulted)=12
[2026-07-18T20:14:54Z] [oracle-sample] running oracle_verify (fresh CPU 1-thread) on the staged sample ...
[oracle] re-scoring 12 tasks in a FRESH 1-thread process; per-task == against parallel results ...
[oracle] RESULT {"verdict": "PASS", "n_sampled_tasks": 12, "per_worker_coverage": {"Mac-558|2|2.13.0|5.13.1|6dbe47a8e843ec1540f64ed6ddd8339c17b95688db363e31605502e374a8b9f0": 12}, "n_mismatches": 0}

Loading weights:   0%|          | 0/394 [00:00<?, ?it/s]
Loading weights: 100%|██████████| 394/394 [00:00<00:00, 26400.34it/s]
[2026-07-18T20:36:33Z] [oracle-sample] RESULT {"verdict": "PASS", "n_sampled_tasks": 12, "n_mismatches": 0, "wrote": "/Users/vladryzhkov/e8-run/A1-stage2/results/_oracle_result.json"}
[2026-07-18T20:36:33Z] [oracle-sample] PASS: fresh-CPU per-task re-score matches the GPU results on the sample.
=== [2026-07-18T20:36:33Z] A1 STAGE-2 ORACLE SAMPLE PASSED (fresh-CPU per-task ==) ===
=== [2026-07-18T20:36:33Z] A1 STAGE-2 DONE — equiv=/Users/vladryzhkov/e8-run/A1-stage2/batched-stage2-equiv.json scores=/Users/vladryzhkov/e8-run/A1-stage2/batched-stage2-scores.json results=/Users/vladryzhkov/e8-run/A1-stage2/results/ oracle=/Users/vladryzhkov/e8-run/A1-stage2/results/_oracle_result.json ===
