=== [2026-07-18T17:43:26Z] A2 STAGE-2 GPU-SOLO SCORING START (device=mps) ===
=== [2026-07-18T17:43:26Z] A2 STAGE-2 EQUIV GATE (shard(N=30)) ===
[2026-07-18T17:43:27Z] [s2-equiv] 30 tasks, arms=('B',), device=mps, banked_hash=6dbe47a8e843, batch_size=16
Loading weights:   0%|          | 0/394 [00:00<?, ?it/s]Loading weights: 100%|██████████| 394/394 [00:00<00:00, 26238.96it/s]
[2026-07-18T17:43:29Z] [s2-equiv] scorer built on mps; warn_only needed: False
[2026-07-18T17:43:29Z] [s2-equiv] scoring per-call (score_worker.score_one_task) ...
[2026-07-18T17:46:38Z] [s2-equiv] scoring batched (fixed canonical composition) ...
[2026-07-18T17:47:06Z] [batched] forward 50/173 batches (800/2758 pairs)
[2026-07-18T17:47:33Z] [batched] forward 100/173 batches (1600/2758 pairs)
[2026-07-18T17:48:01Z] [batched] forward 150/173 batches (2400/2758 pairs)
[2026-07-18T17:48:13Z] [batched] forward 173/173 batches (2758/2758 pairs)
[2026-07-18T17:48:13Z] [s2-equiv] RESULT {"verdict": "PASS", "flips": 0, "frac_mismatches": 0, "units": 120, "tasks_compared": 30, "key_mismatch": false}
[2026-07-18T17:48:13Z] [s2-equiv] wrote /Users/vladryzhkov/e8-run/A2-stage2/batched-stage2-equiv.json
[2026-07-18T17:48:13Z] [s2-equiv] PASS: zero flips — batched Stage-2 scorer equivalent to the per-call path here.
=== [2026-07-18T17:48:13Z] A2 STAGE-2 EQUIV GATE PASSED (shard(N=30), zero flips) — scored pass ===
=== [2026-07-18T17:48:13Z] A2 STAGE-2 SCORED PASS (batched_stage2_scorer) ===
[2026-07-18T17:48:14Z] [stage2] 390 tasks, arms=('B',), threshold=0.7, batch_size=16, device=mps, banked_hash=6dbe47a8e843, live_hash=6dbe47a8e843
Loading weights:   0%|          | 0/394 [00:00<?, ?it/s]Loading weights: 100%|██████████| 394/394 [00:00<00:00, 66894.26it/s]
[2026-07-18T17:48:16Z] [stage2] scorer built on mps; warn_only needed: False
[2026-07-18T17:48:16Z] [stage2] 32554 directional pairs over 1560 items; 0 tasks missing gen (skipped)
[2026-07-18T17:48:44Z] [batched] forward 50/2035 batches (800/32554 pairs)
[2026-07-18T17:49:12Z] [batched] forward 100/2035 batches (1600/32554 pairs)
[2026-07-18T17:49:40Z] [batched] forward 150/2035 batches (2400/32554 pairs)
[2026-07-18T17:50:02Z] [batched] forward 200/2035 batches (3200/32554 pairs)
[2026-07-18T17:50:20Z] [batched] forward 250/2035 batches (4000/32554 pairs)
[2026-07-18T17:50:39Z] [batched] forward 300/2035 batches (4800/32554 pairs)
[2026-07-18T17:51:08Z] [batched] forward 350/2035 batches (5600/32554 pairs)
[2026-07-18T17:51:38Z] [batched] forward 400/2035 batches (6400/32554 pairs)
[2026-07-18T17:52:02Z] [batched] forward 450/2035 batches (7200/32554 pairs)
[2026-07-18T17:52:23Z] [batched] forward 500/2035 batches (8000/32554 pairs)
[2026-07-18T17:52:41Z] [batched] forward 550/2035 batches (8800/32554 pairs)
[2026-07-18T17:52:57Z] [batched] forward 600/2035 batches (9600/32554 pairs)
[2026-07-18T17:53:17Z] [batched] forward 650/2035 batches (10400/32554 pairs)
[2026-07-18T17:53:46Z] [batched] forward 700/2035 batches (11200/32554 pairs)
[2026-07-18T17:54:15Z] [batched] forward 750/2035 batches (12000/32554 pairs)
[2026-07-18T17:54:40Z] [batched] forward 800/2035 batches (12800/32554 pairs)
[2026-07-18T17:55:10Z] [batched] forward 850/2035 batches (13600/32554 pairs)
[2026-07-18T17:55:31Z] [batched] forward 900/2035 batches (14400/32554 pairs)
[2026-07-18T17:55:50Z] [batched] forward 950/2035 batches (15200/32554 pairs)
[2026-07-18T17:56:07Z] [batched] forward 1000/2035 batches (16000/32554 pairs)
[2026-07-18T17:56:25Z] [batched] forward 1050/2035 batches (16800/32554 pairs)
[2026-07-18T17:56:53Z] [batched] forward 1100/2035 batches (17600/32554 pairs)
[2026-07-18T17:57:16Z] [batched] forward 1150/2035 batches (18400/32554 pairs)
[2026-07-18T17:57:42Z] [batched] forward 1200/2035 batches (19200/32554 pairs)
[2026-07-18T17:58:09Z] [batched] forward 1250/2035 batches (20000/32554 pairs)
[2026-07-18T17:58:40Z] [batched] forward 1300/2035 batches (20800/32554 pairs)
[2026-07-18T17:59:02Z] [batched] forward 1350/2035 batches (21600/32554 pairs)
[2026-07-18T17:59:20Z] [batched] forward 1400/2035 batches (22400/32554 pairs)
[2026-07-18T17:59:37Z] [batched] forward 1450/2035 batches (23200/32554 pairs)
[2026-07-18T17:59:54Z] [batched] forward 1500/2035 batches (24000/32554 pairs)
[2026-07-18T18:00:14Z] [batched] forward 1550/2035 batches (24800/32554 pairs)
[2026-07-18T18:00:41Z] [batched] forward 1600/2035 batches (25600/32554 pairs)
[2026-07-18T18:01:07Z] [batched] forward 1650/2035 batches (26400/32554 pairs)
[2026-07-18T18:01:33Z] [batched] forward 1700/2035 batches (27200/32554 pairs)
[2026-07-18T18:01:59Z] [batched] forward 1750/2035 batches (28000/32554 pairs)
[2026-07-18T18:02:25Z] [batched] forward 1800/2035 batches (28800/32554 pairs)
[2026-07-18T18:02:47Z] [batched] forward 1850/2035 batches (29600/32554 pairs)
[2026-07-18T18:03:06Z] [batched] forward 1900/2035 batches (30400/32554 pairs)
[2026-07-18T18:03:21Z] [batched] forward 1950/2035 batches (31200/32554 pairs)
[2026-07-18T18:03:36Z] [batched] forward 2000/2035 batches (32000/32554 pairs)
[2026-07-18T18:03:47Z] [batched] forward 2035/2035 batches (32554/32554 pairs)
[2026-07-18T18:03:47Z] [stage2] RESULT {"n_tasks_scored": 390, "n_missing": 0, "n_items": 1560, "pair_count": 32554, "device": "mps", "elapsed_s": 932.5, "pairs_per_s": 34.96, "per_task_files": 390}
[2026-07-18T18:03:47Z] [stage2] wrote /Users/vladryzhkov/e8-run/A2-stage2/batched-stage2-scores.json
=== [2026-07-18T18:03:47Z] A2 STAGE-2 ORACLE SAMPLE GATE (fresh CPU 1-thread, cap 12) ===
[2026-07-18T18:03:47Z] [oracle-sample] chose 12/390 tasks; strata={'dose=1,break_side=must_persist': 4, 'dose=2,break_side=must_persist': 4, 'dose=3,break_side=must_persist': 4}; forced(contam>0|defaulted)=12
[2026-07-18T18:03:47Z] [oracle-sample] running oracle_verify (fresh CPU 1-thread) on the staged sample ...
[oracle] re-scoring 12 tasks in a FRESH 1-thread process; per-task == against parallel results ...
[oracle] RESULT {"verdict": "PASS", "n_sampled_tasks": 12, "per_worker_coverage": {"Mac-558|2|2.13.0|5.13.1|6dbe47a8e843ec1540f64ed6ddd8339c17b95688db363e31605502e374a8b9f0": 12}, "n_mismatches": 0}

Loading weights:   0%|          | 0/394 [00:00<?, ?it/s]
Loading weights: 100%|██████████| 394/394 [00:00<00:00, 27921.40it/s]
[2026-07-18T18:44:46Z] [oracle-sample] RESULT {"verdict": "PASS", "n_sampled_tasks": 12, "n_mismatches": 0, "wrote": "/Users/vladryzhkov/e8-run/A2-stage2/results/_oracle_result.json"}
[2026-07-18T18:44:46Z] [oracle-sample] PASS: fresh-CPU per-task re-score matches the GPU results on the sample.
=== [2026-07-18T18:44:46Z] A2 STAGE-2 ORACLE SAMPLE PASSED (fresh-CPU per-task ==) ===
=== [2026-07-18T18:44:46Z] A2 STAGE-2 DONE — equiv=/Users/vladryzhkov/e8-run/A2-stage2/batched-stage2-equiv.json scores=/Users/vladryzhkov/e8-run/A2-stage2/batched-stage2-scores.json results=/Users/vladryzhkov/e8-run/A2-stage2/results/ oracle=/Users/vladryzhkov/e8-run/A2-stage2/results/_oracle_result.json ===
